2020-06-24 19:09:03,170 [main] INFO  org.mule.module.launcher.application.DefaultMuleApplication - 
++++++++++++++++++++++++++++++++++++++++++++++++++++++++++++
+ Initializing app 'mule'                                  +
++++++++++++++++++++++++++++++++++++++++++++++++++++++++++++
2020-06-24 19:09:03,447 [main] INFO  org.mule.lifecycle.AbstractLifecycleManager - Initialising RegistryBroker
2020-06-24 19:09:03,569 [main] INFO  org.mule.module.extension.internal.manager.DefaultExtensionManager - Starting discovery of extensions
2020-06-24 19:09:03,697 [main] INFO  org.mule.module.extension.internal.manager.DefaultExtensionManager - Discovered 1 extensions
2020-06-24 19:09:03,697 [main] INFO  org.mule.module.extension.internal.manager.DefaultExtensionManager - Registering extension validation (version 3.9)
2020-06-24 19:09:03,971 [main] INFO  org.mule.config.spring.MuleArtifactContext - Refreshing org.mule.config.spring.MuleArtifactContext@3b9d6699: startup date [Wed Jun 24 19:09:03 IST 2020]; root of context hierarchy
2020-06-24 19:09:05,510 [main] INFO  org.mule.config.spring.processors.NoDevkitInjectorProcessor - JSR-330 'javax.inject.Inject' annotation found and supported for autowiring
2020-06-24 19:09:06,773 [main] WARN  org.mule.module.ognl.expression.OgnlExpressionEvaluator - OGNL module is deprecated and will be removed in Mule 4.0. Use MEL expressions instead.
2020-06-24 19:09:07,306 [main] INFO  org.mule.util.journal.TransactionJournal - Using files for tx logs D:\new-apps\.mule\.\.mule\mule\queue-tx-log\tx1.log and D:\new-apps\.mule\.\.mule\mule\queue-tx-log\tx2.log
2020-06-24 19:09:07,323 [main] INFO  org.mule.util.journal.TransactionJournal - Using files for tx logs D:\new-apps\.mule\.\.mule\mule\queue-xa-tx-log\tx1.log and D:\new-apps\.mule\.\.mule\mule\queue-xa-tx-log\tx2.log
2020-06-24 19:09:07,505 [main] INFO  org.mule.lifecycle.AbstractLifecycleManager - Initialising model: _muleSystemModel
2020-06-24 19:09:07,509 [main] INFO  org.mule.construct.FlowConstructLifecycleManager - Initialising flow: muleFlow
2020-06-24 19:09:07,510 [main] INFO  org.mule.exception.DefaultMessagingExceptionStrategy - Initialising exception listener: org.mule.exception.DefaultMessagingExceptionStrategy@4a8a0099
2020-06-24 19:09:07,551 [main] INFO  org.mule.processor.SedaStageLifecycleManager - Initialising service: muleFlow.stage1
2020-06-24 19:09:08,064 [main] INFO  org.mule.config.spring.SpringXmlConfigurationBuilder - Configured Mule using "org.mule.config.spring.SpringXmlConfigurationBuilder" with configuration resource(s): "[ConfigResource{resourceName='D:\new-apps\.mule\apps\mule\mule.xml'}]"
2020-06-24 19:09:08,064 [main] INFO  org.mule.config.builders.AutoConfigurationBuilder - Configured Mule using "org.mule.config.builders.AutoConfigurationBuilder" with configuration resource(s): "[ConfigResource{resourceName='D:\new-apps\.mule\apps\mule\mule.xml'}]"
2020-06-24 19:09:08,070 [main] INFO  com.mulesoft.module.policies.lifecyle.GateKeeper - GateKeeper Mode: DISABLED
2020-06-24 19:09:08,074 [main] INFO  org.mule.module.launcher.application.DefaultMuleApplication - 
++++++++++++++++++++++++++++++++++++++++++++++++++++++++++++
+ Starting app 'mule'                                      +
++++++++++++++++++++++++++++++++++++++++++++++++++++++++++++
2020-06-24 19:09:08,085 [main] INFO  org.mule.util.queue.QueueXaResourceManager - Starting ResourceManager
2020-06-24 19:09:08,085 [main] INFO  org.mule.util.queue.QueueXaResourceManager - Started ResourceManager
2020-06-24 19:09:08,133 [main] INFO  org.mule.module.http.internal.listener.DefaultHttpListenerConfig - Listening for requests on http://0.0.0.0:8081
2020-06-24 19:09:08,139 [main] INFO  org.mule.lifecycle.AbstractLifecycleManager - Starting model: _muleSystemModel
2020-06-24 19:09:08,144 [main] INFO  org.mule.construct.FlowConstructLifecycleManager - Starting flow: muleFlow
2020-06-24 19:09:08,145 [main] INFO  org.mule.processor.SedaStageLifecycleManager - Starting service: muleFlow.stage1
2020-06-24 19:09:08,200 [main] INFO  org.mule.module.management.agent.WrapperManagerAgent - This JVM hasn't been launched by the wrapper, the agent will not run.
2020-06-24 19:09:08,233 [main] INFO  org.mule.DefaultMuleContext - 
**********************************************************************
* Application: mule                                                  *
* OS encoding: \, Mule encoding: UTF-8                               *
*                                                                    *
* Agents Running:                                                    *
*   JMX Agent                                                        *
*   Batch module default engine                                      *
*   Wrapper Manager                                                  *
**********************************************************************
