INFO  2020-06-25 10:17:49,496 [Mule.app.deployer.monitor.1.thread.1] org.mule.module.launcher.domain.DefaultMuleDomain: 
++++++++++++++++++++++++++++++++++++++++++++++++++++++++++++
+ Stopping domain 'default'                                +
++++++++++++++++++++++++++++++++++++++++++++++++++++++++++++
INFO  2020-06-25 10:23:26,401 [Mule.app.deployer.monitor.1.thread.1] org.mule.module.launcher.domain.DefaultMuleDomain: 
++++++++++++++++++++++++++++++++++++++++++++++++++++++++++++
+ New domain 'default'                                     +
++++++++++++++++++++++++++++++++++++++++++++++++++++++++++++
INFO  2020-06-25 10:23:26,401 [Mule.app.deployer.monitor.1.thread.1] org.mule.module.launcher.domain.DefaultMuleDomain: 
++++++++++++++++++++++++++++++++++++++++++++++++++++++++++++
+ Initializing domain 'default'                            +
++++++++++++++++++++++++++++++++++++++++++++++++++++++++++++
INFO  2020-06-25 10:23:27,130 [Mule.app.deployer.monitor.1.thread.1] org.mule.module.launcher.domain.DefaultMuleDomain: 
++++++++++++++++++++++++++++++++++++++++++++++++++++++++++++
+ New domain 'default'                                     +
++++++++++++++++++++++++++++++++++++++++++++++++++++++++++++
INFO  2020-06-25 10:23:27,145 [Mule.app.deployer.monitor.1.thread.1] org.mule.module.launcher.domain.DefaultMuleDomain: 
++++++++++++++++++++++++++++++++++++++++++++++++++++++++++++
+ Initializing domain 'default'                            +
++++++++++++++++++++++++++++++++++++++++++++++++++++++++++++
